<?xml version="1.0" encoding="UTF-8"?>
<testsuite xmlns:xsi="http://www.w3.org/2001/XMLSchema-instance" xsi:noNamespaceSchemaLocation="https://maven.apache.org/surefire/maven-surefire-plugin/xsd/surefire-test-report-3.0.xsd" version="3.0" name="com.anxin_hitsz.UserService2Test" time="0.037" tests="10" errors="0" skipped="0" failures="0">
  <properties>
[...]
</properties>
  <testcase name="testGetAge1" classname="com.anxin_hitsz.UserService2Test" time="0.017"/>
  <testcase name="testGetAge2" classname="com.anxin_hitsz.UserService2Test" time="0.002"/>
  <testcase name="testGetAge3" classname="com.anxin_hitsz.UserService2Test" time="0.0"/>
  <testcase name="testGetAge4" classname="com.anxin_hitsz.UserService2Test" time="0.0"/>
  <testcase name="testGetGender1" classname="com.anxin_hitsz.UserService2Test" time="0.002"/>
  <testcase name="testGetGender2" classname="com.anxin_hitsz.UserService2Test" time="0.0"/>
  <testcase name="testGetGender3" classname="com.anxin_hitsz.UserService2Test" time="0.0"/>
  <testcase name="testGetGender4" classname="com.anxin_hitsz.UserService2Test" time="0.002"/>
  <testcase name="testGetGender5" classname="com.anxin_hitsz.UserService2Test" time="0.0"/>
  <testcase name="testGetGender6" classname="com.anxin_hitsz.UserService2Test" time="0.0"/>
</testsuite>